<?xml version="1.0" encoding="UTF-8"?>
<!-- Generated by org.testng.reporters.JUnitXMLReporter -->
<testsuite ignored="0" hostname="DESKTOP-JAD9RHE" failures="0" tests="4" name="Test" time="84.825" errors="0" timestamp="2024-02-07T23:27:58 IST">
  <testcase classname="com.mystore.TestScript.TC03_LoginPageTest" name="verifyLogin" time="11.697"/>
  <testcase classname="com.mystore.TestScript.TC01_MyAccountPageTest" name="navigateRegestration" time="13.42"/>
  <testcase classname="com.mystore.TestScript.TC02_RegistrationPageTest" name="addcredentials" time="6.085"/>
  <testcase classname="com.mystore.TestScript.TC04_ShopingPageTest" name="shopping" time="12.117"/>
</testsuite> <!-- Test -->
