<?xml version="1.0" encoding="UTF-8"?>
<!-- Generated by org.testng.reporters.JUnitXMLReporter -->
<testsuite ignored="0" hostname="DESKTOP-JAD9RHE" failures="0" tests="4" name="Test" time="112.752" errors="0" timestamp="2024-02-07T23:30:34 IST">
  <testcase classname="com.mystore.TestScript.TC03_LoginPageTest" name="verifyLogin" time="19.405"/>
  <testcase classname="com.mystore.TestScript.TC01_MyAccountPageTest" name="navigateRegestration" time="13.052"/>
  <testcase classname="com.mystore.TestScript.TC02_RegistrationPageTest" name="addcredentials" time="6.33"/>
  <testcase classname="com.mystore.TestScript.TC04_ShopingPageTest" name="shopping" time="12.239"/>
</testsuite> <!-- Test -->
