<?xml version="1.0" encoding="UTF-8"?>
<testng-results ignored="0" total="4" passed="4" failed="0" skipped="0">
  <reporter-output>
  </reporter-output>
  <suite started-at="2024-02-07T23:28:40 IST" name="Suite" finished-at="2024-02-07T23:30:33 IST" duration-ms="112752">
    <groups>
    </groups>
    <test started-at="2024-02-07T23:28:40 IST" name="Test" finished-at="2024-02-07T23:30:33 IST" duration-ms="112752">
      <class name="com.mystore.TestScript.TC02_RegistrationPageTest">
        <test-method is-config="true" signature="setup()[pri:0, instance:com.mystore.TestScript.TC02_RegistrationPageTest@25ce9dc4]" started-at="2024-02-07T23:29:25 IST" name="setup" finished-at="2024-02-07T23:29:37 IST" duration-ms="11633" status="PASS">
          <reporter-output>
          </reporter-output>
        </test-method> <!-- setup -->
        <test-method signature="addcredentials()[pri:0, instance:com.mystore.TestScript.TC02_RegistrationPageTest@25ce9dc4]" started-at="2024-02-07T23:29:37 IST" name="addcredentials" finished-at="2024-02-07T23:29:43 IST" duration-ms="6330" status="PASS">
          <reporter-output>
          </reporter-output>
        </test-method> <!-- addcredentials -->
        <test-method is-config="true" signature="tearup()[pri:0, instance:com.mystore.TestScript.TC02_RegistrationPageTest@25ce9dc4]" started-at="2024-02-07T23:29:43 IST" name="tearup" finished-at="2024-02-07T23:29:44 IST" duration-ms="866" status="PASS">
          <reporter-output>
          </reporter-output>
        </test-method> <!-- tearup -->
      </class> <!-- com.mystore.TestScript.TC02_RegistrationPageTest -->
      <class name="com.mystore.TestScript.TC03_LoginPageTest">
        <test-method is-config="true" signature="setup()[pri:0, instance:com.mystore.TestScript.TC03_LoginPageTest@7d0b7e3c]" started-at="2024-02-07T23:28:41 IST" name="setup" finished-at="2024-02-07T23:28:48 IST" duration-ms="7455" status="PASS">
          <reporter-output>
          </reporter-output>
        </test-method> <!-- setup -->
        <test-method signature="verifyLogin()[pri:0, instance:com.mystore.TestScript.TC03_LoginPageTest@7d0b7e3c]" started-at="2024-02-07T23:28:48 IST" name="verifyLogin" finished-at="2024-02-07T23:29:08 IST" duration-ms="19405" status="PASS">
          <reporter-output>
          </reporter-output>
        </test-method> <!-- verifyLogin -->
        <test-method is-config="true" signature="tearup()[pri:0, instance:com.mystore.TestScript.TC03_LoginPageTest@7d0b7e3c]" started-at="2024-02-07T23:29:08 IST" name="tearup" finished-at="2024-02-07T23:29:08 IST" duration-ms="520" status="PASS">
          <reporter-output>
          </reporter-output>
        </test-method> <!-- tearup -->
      </class> <!-- com.mystore.TestScript.TC03_LoginPageTest -->
      <class name="com.mystore.TestScript.TC04_ShopingPageTest">
        <test-method is-config="true" signature="setup()[pri:0, instance:com.mystore.TestScript.TC04_ShopingPageTest@74ea2410]" started-at="2024-02-07T23:29:44 IST" name="setup" finished-at="2024-02-07T23:30:20 IST" duration-ms="35872" status="PASS">
          <reporter-output>
          </reporter-output>
        </test-method> <!-- setup -->
        <test-method signature="shopping()[pri:0, instance:com.mystore.TestScript.TC04_ShopingPageTest@74ea2410]" started-at="2024-02-07T23:30:20 IST" name="shopping" finished-at="2024-02-07T23:30:32 IST" duration-ms="12239" status="PASS">
          <reporter-output>
          </reporter-output>
        </test-method> <!-- shopping -->
        <test-method is-config="true" signature="tearup()[pri:0, instance:com.mystore.TestScript.TC04_ShopingPageTest@74ea2410]" started-at="2024-02-07T23:30:32 IST" name="tearup" finished-at="2024-02-07T23:30:33 IST" duration-ms="484" status="PASS">
          <reporter-output>
          </reporter-output>
        </test-method> <!-- tearup -->
      </class> <!-- com.mystore.TestScript.TC04_ShopingPageTest -->
      <class name="com.mystore.TestScript.TC01_MyAccountPageTest">
        <test-method is-config="true" signature="setup()[pri:0, instance:com.mystore.TestScript.TC01_MyAccountPageTest@173ed316]" started-at="2024-02-07T23:29:08 IST" name="setup" finished-at="2024-02-07T23:29:12 IST" duration-ms="3530" status="PASS">
          <reporter-output>
          </reporter-output>
        </test-method> <!-- setup -->
        <test-method signature="navigateRegestration()[pri:0, instance:com.mystore.TestScript.TC01_MyAccountPageTest@173ed316]" started-at="2024-02-07T23:29:12 IST" name="navigateRegestration" finished-at="2024-02-07T23:29:25 IST" duration-ms="13052" status="PASS">
          <reporter-output>
          </reporter-output>
        </test-method> <!-- navigateRegestration -->
        <test-method is-config="true" signature="tearup()[pri:0, instance:com.mystore.TestScript.TC01_MyAccountPageTest@173ed316]" started-at="2024-02-07T23:29:25 IST" name="tearup" finished-at="2024-02-07T23:29:25 IST" duration-ms="681" status="PASS">
          <reporter-output>
          </reporter-output>
        </test-method> <!-- tearup -->
      </class> <!-- com.mystore.TestScript.TC01_MyAccountPageTest -->
    </test> <!-- Test -->
  </suite> <!-- Suite -->
</testng-results>
