<?xml version="1.0" encoding="UTF-8"?>
<testsuite xmlns:xsi="http://www.w3.org/2001/XMLSchema-instance" xsi:noNamespaceSchemaLocation="https://maven.apache.org/surefire/maven-surefire-plugin/xsd/surefire-test-report-3.0.xsd" version="3.0" name="TestSuite" time="114.643" tests="4" errors="0" skipped="0" failures="0">
  <properties>
[...]
</properties>
  <testcase name="verifyLogin" classname="com.mystore.TestScript.TC03_LoginPageTest" time="19.428">
    <system-out><![CDATA[On Start method invoked....
[DEBUG] 2024-02-07 23:28:43.221 [main] InternalLoggerFactory - Using Log4J2 as the default logging framework
[DEBUG] 2024-02-07 23:28:43.256 [main] ResourceLeakDetector - -Dio.netty.leakDetection.level: simple
[DEBUG] 2024-02-07 23:28:43.257 [main] ResourceLeakDetector - -Dio.netty.leakDetection.targetRecords: 4
[DEBUG] 2024-02-07 23:28:43.269 [main] ResourceLeakDetectorFactory - Loaded default ResourceLeakDetector: io.netty.util.ResourceLeakDetector@4b3fe06e
[DEBUG] 2024-02-07 23:28:43.293 [main] PlatformDependent0 - -Dio.netty.noUnsafe: false
[DEBUG] 2024-02-07 23:28:43.294 [main] PlatformDependent0 - Java version: 17
[DEBUG] 2024-02-07 23:28:43.296 [main] PlatformDependent0 - sun.misc.Unsafe.theUnsafe: available
[DEBUG] 2024-02-07 23:28:43.297 [main] PlatformDependent0 - sun.misc.Unsafe.copyMemory: available
[DEBUG] 2024-02-07 23:28:43.298 [main] PlatformDependent0 - sun.misc.Unsafe.storeFence: available
[DEBUG] 2024-02-07 23:28:43.300 [main] PlatformDependent0 - java.nio.Buffer.address: available
[DEBUG] 2024-02-07 23:28:43.301 [main] PlatformDependent0 - direct buffer constructor: unavailable: Reflective setAccessible(true) disabled
[DEBUG] 2024-02-07 23:28:43.302 [main] PlatformDependent0 - java.nio.Bits.unaligned: available, true
[DEBUG] 2024-02-07 23:28:43.305 [main] PlatformDependent0 - jdk.internal.misc.Unsafe.allocateUninitializedArray(int): unavailable: class io.netty.util.internal.PlatformDependent0$7 cannot access class jdk.internal.misc.Unsafe (in module java.base) because module java.base does not export jdk.internal.misc to unnamed module @4d5b6aac
[DEBUG] 2024-02-07 23:28:43.307 [main] PlatformDependent0 - java.nio.DirectByteBuffer.<init>(long, {int,long}): unavailable
[DEBUG] 2024-02-07 23:28:43.307 [main] PlatformDependent - sun.misc.Unsafe: available
[DEBUG] 2024-02-07 23:28:43.308 [main] PlatformDependent - maxDirectMemory: 4257218560 bytes (maybe)
[DEBUG] 2024-02-07 23:28:43.309 [main] PlatformDependent - -Dio.netty.tmpdir: C:\Users\Renuka\AppData\Local\Temp (java.io.tmpdir)
[DEBUG] 2024-02-07 23:28:43.310 [main] PlatformDependent - -Dio.netty.bitMode: 64 (sun.arch.data.model)
[DEBUG] 2024-02-07 23:28:43.310 [main] PlatformDependent - Platform: Windows
[DEBUG] 2024-02-07 23:28:43.311 [main] PlatformDependent - -Dio.netty.maxDirectMemory: -1 bytes
[DEBUG] 2024-02-07 23:28:43.311 [main] PlatformDependent - -Dio.netty.uninitializedArrayAllocationThreshold: -1
[DEBUG] 2024-02-07 23:28:43.318 [main] CleanerJava9 - java.nio.ByteBuffer.cleaner(): available
[DEBUG] 2024-02-07 23:28:43.318 [main] PlatformDependent - -Dio.netty.noPreferDirect: false
[DEBUG] 2024-02-07 23:28:43.339 [main] PlatformDependent - org.jctools-core.MpscChunkedArrayQueue: available
[DEBUG] 2024-02-07 23:28:43.378 [main] InternalThreadLocalMap - -Dio.netty.threadLocalMap.stringBuilder.initialSize: 1024
[DEBUG] 2024-02-07 23:28:43.378 [main] InternalThreadLocalMap - -Dio.netty.threadLocalMap.stringBuilder.maxSize: 4096
[DEBUG] 2024-02-07 23:28:43.534 [main] JdkSslContext - Default protocols (JDK): [TLSv1.3, TLSv1.2] 
[DEBUG] 2024-02-07 23:28:43.534 [main] JdkSslContext - Default cipher suites (JDK): [TLS_ECDHE_ECDSA_WITH_AES_256_GCM_SHA384, TLS_ECDHE_ECDSA_WITH_AES_128_GCM_SHA256, TLS_ECDHE_RSA_WITH_AES_128_GCM_SHA256, TLS_ECDHE_RSA_WITH_AES_256_GCM_SHA384, TLS_ECDHE_RSA_WITH_AES_128_CBC_SHA, TLS_ECDHE_RSA_WITH_AES_256_CBC_SHA, TLS_RSA_WITH_AES_128_GCM_SHA256, TLS_RSA_WITH_AES_128_CBC_SHA, TLS_RSA_WITH_AES_256_CBC_SHA, TLS_AES_128_GCM_SHA256, TLS_AES_256_GCM_SHA384]
[DEBUG] 2024-02-07 23:28:43.567 [main] GlobalEventExecutor - -Dio.netty.globalEventExecutor.quietPeriodSeconds: 1
[DEBUG] 2024-02-07 23:28:43.599 [main] MultithreadEventLoopGroup - -Dio.netty.eventLoopThreads: 8
[DEBUG] 2024-02-07 23:28:43.621 [main] NioEventLoop - -Dio.netty.noKeySetOptimization: false
[DEBUG] 2024-02-07 23:28:43.621 [main] NioEventLoop - -Dio.netty.selectorAutoRebuildThreshold: 512
[DEBUG] 2024-02-07 23:28:43.720 [main] PooledByteBufAllocator - -Dio.netty.allocator.numHeapArenas: 8
[DEBUG] 2024-02-07 23:28:43.721 [main] PooledByteBufAllocator - -Dio.netty.allocator.numDirectArenas: 8
[DEBUG] 2024-02-07 23:28:43.721 [main] PooledByteBufAllocator - -Dio.netty.allocator.pageSize: 8192
[DEBUG] 2024-02-07 23:28:43.722 [main] PooledByteBufAllocator - -Dio.netty.allocator.maxOrder: 9
[DEBUG] 2024-02-07 23:28:43.722 [main] PooledByteBufAllocator - -Dio.netty.allocator.chunkSize: 4194304
[DEBUG] 2024-02-07 23:28:43.722 [main] PooledByteBufAllocator - -Dio.netty.allocator.smallCacheSize: 256
[DEBUG] 2024-02-07 23:28:43.722 [main] PooledByteBufAllocator - -Dio.netty.allocator.normalCacheSize: 64
[DEBUG] 2024-02-07 23:28:43.723 [main] PooledByteBufAllocator - -Dio.netty.allocator.maxCachedBufferCapacity: 32768
[DEBUG] 2024-02-07 23:28:43.723 [main] PooledByteBufAllocator - -Dio.netty.allocator.cacheTrimInterval: 8192
[DEBUG] 2024-02-07 23:28:43.723 [main] PooledByteBufAllocator - -Dio.netty.allocator.cacheTrimIntervalMillis: 0
[DEBUG] 2024-02-07 23:28:43.723 [main] PooledByteBufAllocator - -Dio.netty.allocator.useCacheForAllThreads: false
[DEBUG] 2024-02-07 23:28:43.724 [main] PooledByteBufAllocator - -Dio.netty.allocator.maxCachedByteBuffersPerChunk: 1023
[DEBUG] 2024-02-07 23:28:43.749 [main] ByteBufUtil - -Dio.netty.allocator.type: pooled
[DEBUG] 2024-02-07 23:28:43.749 [main] ByteBufUtil - -Dio.netty.threadLocalDirectBufferSize: 0
[DEBUG] 2024-02-07 23:28:43.750 [main] ByteBufUtil - -Dio.netty.maxThreadLocalCharBufferSize: 16384
[DEBUG] 2024-02-07 23:28:44.628 [Forwarding newSession on session null to remote] DefaultChannelId - -Dio.netty.processId: 17196 (auto-detected)
[DEBUG] 2024-02-07 23:28:44.630 [Forwarding newSession on session null to remote] NetUtil - -Djava.net.preferIPv4Stack: false
[DEBUG] 2024-02-07 23:28:44.630 [Forwarding newSession on session null to remote] NetUtil - -Djava.net.preferIPv6Addresses: false
[DEBUG] 2024-02-07 23:28:44.645 [Forwarding newSession on session null to remote] NetUtilInitializations - Loopback interface: lo (Software Loopback Interface 1, 127.0.0.1)
[DEBUG] 2024-02-07 23:28:44.646 [Forwarding newSession on session null to remote] NetUtil - Failed to get SOMAXCONN from sysctl and file \proc\sys\net\core\somaxconn. Default: 200
[DEBUG] 2024-02-07 23:28:44.686 [Forwarding newSession on session null to remote] DefaultChannelId - -Dio.netty.machineId: 14:ab:c5:ff:fe:01:ae:41 (auto-detected)
[DEBUG] 2024-02-07 23:28:44.754 [AsyncHttpClient-1-2] AbstractByteBuf - -Dio.netty.buffer.checkAccessible: true
[DEBUG] 2024-02-07 23:28:44.754 [AsyncHttpClient-1-2] AbstractByteBuf - -Dio.netty.buffer.checkBounds: true
[DEBUG] 2024-02-07 23:28:44.754 [AsyncHttpClient-1-2] ResourceLeakDetectorFactory - Loaded default ResourceLeakDetector: io.netty.util.ResourceLeakDetector@1001f285
[DEBUG] 2024-02-07 23:28:44.804 [AsyncHttpClient-1-2] Recycler - -Dio.netty.recycler.maxCapacityPerThread: 4096
[DEBUG] 2024-02-07 23:28:44.805 [AsyncHttpClient-1-2] Recycler - -Dio.netty.recycler.ratio: 8
[DEBUG] 2024-02-07 23:28:44.805 [AsyncHttpClient-1-2] Recycler - -Dio.netty.recycler.chunkSize: 32
[DEBUG] 2024-02-07 23:28:44.805 [AsyncHttpClient-1-2] Recycler - -Dio.netty.recycler.blocking: false
[DEBUG] 2024-02-07 23:28:44.805 [AsyncHttpClient-1-2] Recycler - -Dio.netty.recycler.batchFastThreadLocalOnly: true
[DEBUG] 2024-02-07 23:28:46.739 [AsyncHttpClient-1-2] Brotli - brotli4j not in the classpath; Brotli support will be unavailable.
[DEBUG] 2024-02-07 23:28:47.002 [main] ThreadLocalRandom - -Dio.netty.initialSeedUniquifier: 0x9b61aa93c7126cfa
[INFO ] 2024-02-07 23:28:48.578 [main] MyStoreV1 - url opened
Name of test method started:verifyLogin
[INFO ] 2024-02-07 23:29:04.473 [main] MyStoreV1 - click on signIn Link
[INFO ] 2024-02-07 23:29:04.798 [main] MyStoreV1 - enter valid uid
[INFO ] 2024-02-07 23:29:04.972 [main] MyStoreV1 - enter valid pass
[INFO ] 2024-02-07 23:29:06.396 [main] MyStoreV1 - click on login button
[INFO ] 2024-02-07 23:29:06.493 [main] MyStoreV1 - verify login -passed
[INFO ] 2024-02-07 23:29:08.035 [main] MyStoreV1 - signout 
Name of test method sucessfully executed:verifyLogin
]]></system-out>
    <system-err><![CDATA[SLF4J: No SLF4J providers were found.
SLF4J: Defaulting to no-operation (NOP) logger implementation
SLF4J: See https://www.slf4j.org/codes.html#noProviders for further details.
SLF4J: Class path contains SLF4J bindings targeting slf4j-api versions 1.7.x or earlier.
SLF4J: Ignoring binding found at [jar:file:/C:/Users/Renuka/.m2/repository/org/apache/logging/log4j/log4j-slf4j-impl/2.22.1/log4j-slf4j-impl-2.22.1.jar!/org/slf4j/impl/StaticLoggerBinder.class]
SLF4J: See https://www.slf4j.org/codes.html#ignoredBindings for an explanation.
Feb 07, 2024 11:28:47 PM org.openqa.selenium.devtools.CdpVersionFinder findNearestMatch
WARNING: Unable to find an exact match for CDP version 121, so returning the closest version found: 117
]]></system-err>
  </testcase>
  <testcase name="navigateRegestration" classname="com.mystore.TestScript.TC01_MyAccountPageTest" time="13.053">
    <system-out><![CDATA[[INFO ] 2024-02-07 23:29:12.127 [main] MyStoreV1 - url opened
Name of test method started:navigateRegestration
[INFO ] 2024-02-07 23:29:24.730 [main] MyStoreV1 - click on signIn Link
Name of test method sucessfully executed:navigateRegestration
]]></system-out>
    <system-err><![CDATA[Feb 07, 2024 11:29:08 PM org.openqa.selenium.remote.http.WebSocket$Listener onError
WARNING: Connection reset
java.net.SocketException: Connection reset
	at java.base/sun.nio.ch.SocketChannelImpl.throwConnectionReset(SocketChannelImpl.java:394)
	at java.base/sun.nio.ch.SocketChannelImpl.read(SocketChannelImpl.java:426)
	at io.netty.buffer.PooledByteBuf.setBytes(PooledByteBuf.java:254)
	at io.netty.buffer.AbstractByteBuf.writeBytes(AbstractByteBuf.java:1132)
	at io.netty.channel.socket.nio.NioSocketChannel.doReadBytes(NioSocketChannel.java:357)
	at io.netty.channel.nio.AbstractNioByteChannel$NioByteUnsafe.read(AbstractNioByteChannel.java:151)
	at io.netty.channel.nio.NioEventLoop.processSelectedKey(NioEventLoop.java:788)
	at io.netty.channel.nio.NioEventLoop.processSelectedKeysOptimized(NioEventLoop.java:724)
	at io.netty.channel.nio.NioEventLoop.processSelectedKeys(NioEventLoop.java:650)
	at io.netty.channel.nio.NioEventLoop.run(NioEventLoop.java:562)
	at io.netty.util.concurrent.SingleThreadEventExecutor$4.run(SingleThreadEventExecutor.java:997)
	at io.netty.util.internal.ThreadExecutorMap$2.run(ThreadExecutorMap.java:74)
	at io.netty.util.concurrent.FastThreadLocalRunnable.run(FastThreadLocalRunnable.java:30)
	at java.base/java.lang.Thread.run(Thread.java:833)

Feb 07, 2024 11:29:10 PM org.openqa.selenium.devtools.CdpVersionFinder findNearestMatch
WARNING: Unable to find an exact match for CDP version 121, so returning the closest version found: 117
]]></system-err>
  </testcase>
  <testcase name="addcredentials" classname="com.mystore.TestScript.TC02_RegistrationPageTest" time="6.318">
    <system-out><![CDATA[[INFO ] 2024-02-07 23:29:37.498 [main] MyStoreV1 - url opened
Name of test method started:addcredentials
[INFO ] 2024-02-07 23:29:39.796 [main] MyStoreV1 - click on signIn Link
[INFO ] 2024-02-07 23:29:41.332 [main] MyStoreV1 - gender select
[INFO ] 2024-02-07 23:29:41.459 [main] MyStoreV1 - enter firstname
[INFO ] 2024-02-07 23:29:41.604 [main] MyStoreV1 - enter lastname
[INFO ] 2024-02-07 23:29:41.835 [main] MyStoreV1 - enter emailid
[INFO ] 2024-02-07 23:29:42.028 [main] MyStoreV1 - enter password
[INFO ] 2024-02-07 23:29:43.730 [main] MyStoreV1 - select date of birth
[INFO ] 2024-02-07 23:29:43.828 [main] MyStoreV1 - select news letter option
Name of test method sucessfully executed:addcredentials
]]></system-out>
    <system-err><![CDATA[Feb 07, 2024 11:29:25 PM org.openqa.selenium.remote.http.WebSocket$Listener onError
WARNING: Connection reset
java.net.SocketException: Connection reset
	at java.base/sun.nio.ch.SocketChannelImpl.throwConnectionReset(SocketChannelImpl.java:394)
	at java.base/sun.nio.ch.SocketChannelImpl.read(SocketChannelImpl.java:426)
	at io.netty.buffer.PooledByteBuf.setBytes(PooledByteBuf.java:254)
	at io.netty.buffer.AbstractByteBuf.writeBytes(AbstractByteBuf.java:1132)
	at io.netty.channel.socket.nio.NioSocketChannel.doReadBytes(NioSocketChannel.java:357)
	at io.netty.channel.nio.AbstractNioByteChannel$NioByteUnsafe.read(AbstractNioByteChannel.java:151)
	at io.netty.channel.nio.NioEventLoop.processSelectedKey(NioEventLoop.java:788)
	at io.netty.channel.nio.NioEventLoop.processSelectedKeysOptimized(NioEventLoop.java:724)
	at io.netty.channel.nio.NioEventLoop.processSelectedKeys(NioEventLoop.java:650)
	at io.netty.channel.nio.NioEventLoop.run(NioEventLoop.java:562)
	at io.netty.util.concurrent.SingleThreadEventExecutor$4.run(SingleThreadEventExecutor.java:997)
	at io.netty.util.internal.ThreadExecutorMap$2.run(ThreadExecutorMap.java:74)
	at io.netty.util.concurrent.FastThreadLocalRunnable.run(FastThreadLocalRunnable.java:30)
	at java.base/java.lang.Thread.run(Thread.java:833)

Feb 07, 2024 11:29:27 PM org.openqa.selenium.devtools.CdpVersionFinder findNearestMatch
WARNING: Unable to find an exact match for CDP version 121, so returning the closest version found: 117
]]></system-err>
  </testcase>
  <testcase name="shopping" classname="com.mystore.TestScript.TC04_ShopingPageTest" time="12.18">
    <system-out><![CDATA[[INFO ] 2024-02-07 23:30:20.571 [main] MyStoreV1 - url opened
Name of test method started:shopping
[INFO ] 2024-02-07 23:30:23.910 [main] MyStoreV1 - click on signIn Link
[INFO ] 2024-02-07 23:30:24.111 [main] MyStoreV1 - enter valid uid
[INFO ] 2024-02-07 23:30:24.280 [main] MyStoreV1 - enter valid pass
[INFO ] 2024-02-07 23:30:25.725 [main] MyStoreV1 - click on login button
[INFO ] 2024-02-07 23:30:27.354 [main] MyStoreV1 - click on search button
==
[INFO ] 2024-02-07 23:30:29.252 [main] MyStoreV1 - select the product
[INFO ] 2024-02-07 23:30:29.461 [main] MyStoreV1 - select size product
[INFO ] 2024-02-07 23:30:29.759 [main] MyStoreV1 - select qty product
[INFO ] 2024-02-07 23:30:32.812 [main] MyStoreV1 - add to product
Name of test method sucessfully executed:shopping
]]></system-out>
    <system-err><![CDATA[Feb 07, 2024 11:29:44 PM org.openqa.selenium.remote.http.WebSocket$Listener onError
WARNING: Connection reset
java.net.SocketException: Connection reset
	at java.base/sun.nio.ch.SocketChannelImpl.throwConnectionReset(SocketChannelImpl.java:394)
	at java.base/sun.nio.ch.SocketChannelImpl.read(SocketChannelImpl.java:426)
	at io.netty.buffer.PooledByteBuf.setBytes(PooledByteBuf.java:254)
	at io.netty.buffer.AbstractByteBuf.writeBytes(AbstractByteBuf.java:1132)
	at io.netty.channel.socket.nio.NioSocketChannel.doReadBytes(NioSocketChannel.java:357)
	at io.netty.channel.nio.AbstractNioByteChannel$NioByteUnsafe.read(AbstractNioByteChannel.java:151)
	at io.netty.channel.nio.NioEventLoop.processSelectedKey(NioEventLoop.java:788)
	at io.netty.channel.nio.NioEventLoop.processSelectedKeysOptimized(NioEventLoop.java:724)
	at io.netty.channel.nio.NioEventLoop.processSelectedKeys(NioEventLoop.java:650)
	at io.netty.channel.nio.NioEventLoop.run(NioEventLoop.java:562)
	at io.netty.util.concurrent.SingleThreadEventExecutor$4.run(SingleThreadEventExecutor.java:997)
	at io.netty.util.internal.ThreadExecutorMap$2.run(ThreadExecutorMap.java:74)
	at io.netty.util.concurrent.FastThreadLocalRunnable.run(FastThreadLocalRunnable.java:30)
	at java.base/java.lang.Thread.run(Thread.java:833)

Feb 07, 2024 11:29:46 PM org.openqa.selenium.devtools.CdpVersionFinder findNearestMatch
WARNING: Unable to find an exact match for CDP version 121, so returning the closest version found: 117
]]></system-err>
  </testcase>
</testsuite>