<?xml version="1.0" encoding="UTF-8"?>
<testng-results ignored="0" total="4" passed="4" failed="0" skipped="0">
  <reporter-output>
  </reporter-output>
  <suite started-at="2024-02-07T23:26:33 IST" name="Suite" finished-at="2024-02-07T23:27:58 IST" duration-ms="84825">
    <groups>
    </groups>
    <test started-at="2024-02-07T23:26:33 IST" name="Test" finished-at="2024-02-07T23:27:58 IST" duration-ms="84825">
      <class name="com.mystore.TestScript.TC02_RegistrationPageTest">
        <test-method is-config="true" signature="setup()[pri:0, instance:com.mystore.TestScript.TC02_RegistrationPageTest@5149d738]" started-at="2024-02-07T23:27:16 IST" name="setup" finished-at="2024-02-07T23:27:27 IST" duration-ms="10747" status="PASS">
          <reporter-output>
          </reporter-output>
        </test-method> <!-- setup -->
        <test-method signature="addcredentials()[pri:0, instance:com.mystore.TestScript.TC02_RegistrationPageTest@5149d738]" started-at="2024-02-07T23:27:27 IST" name="addcredentials" finished-at="2024-02-07T23:27:33 IST" duration-ms="6085" status="PASS">
          <reporter-output>
          </reporter-output>
        </test-method> <!-- addcredentials -->
        <test-method is-config="true" signature="tearup()[pri:0, instance:com.mystore.TestScript.TC02_RegistrationPageTest@5149d738]" started-at="2024-02-07T23:27:33 IST" name="tearup" finished-at="2024-02-07T23:27:34 IST" duration-ms="591" status="PASS">
          <reporter-output>
          </reporter-output>
        </test-method> <!-- tearup -->
      </class> <!-- com.mystore.TestScript.TC02_RegistrationPageTest -->
      <class name="com.mystore.TestScript.TC03_LoginPageTest">
        <test-method is-config="true" signature="setup()[pri:0, instance:com.mystore.TestScript.TC03_LoginPageTest@2034b64c]" started-at="2024-02-07T23:26:33 IST" name="setup" finished-at="2024-02-07T23:26:46 IST" duration-ms="12322" status="PASS">
          <reporter-output>
          </reporter-output>
        </test-method> <!-- setup -->
        <test-method signature="verifyLogin()[pri:0, instance:com.mystore.TestScript.TC03_LoginPageTest@2034b64c]" started-at="2024-02-07T23:26:46 IST" name="verifyLogin" finished-at="2024-02-07T23:26:58 IST" duration-ms="11697" status="PASS">
          <reporter-output>
          </reporter-output>
        </test-method> <!-- verifyLogin -->
        <test-method is-config="true" signature="tearup()[pri:0, instance:com.mystore.TestScript.TC03_LoginPageTest@2034b64c]" started-at="2024-02-07T23:26:58 IST" name="tearup" finished-at="2024-02-07T23:26:58 IST" duration-ms="869" status="PASS">
          <reporter-output>
          </reporter-output>
        </test-method> <!-- tearup -->
      </class> <!-- com.mystore.TestScript.TC03_LoginPageTest -->
      <class name="com.mystore.TestScript.TC04_ShopingPageTest">
        <test-method is-config="true" signature="setup()[pri:0, instance:com.mystore.TestScript.TC04_ShopingPageTest@6bbe85a8]" started-at="2024-02-07T23:27:34 IST" name="setup" finished-at="2024-02-07T23:27:45 IST" duration-ms="11085" status="PASS">
          <reporter-output>
          </reporter-output>
        </test-method> <!-- setup -->
        <test-method signature="shopping()[pri:0, instance:com.mystore.TestScript.TC04_ShopingPageTest@6bbe85a8]" started-at="2024-02-07T23:27:45 IST" name="shopping" finished-at="2024-02-07T23:27:57 IST" duration-ms="12117" status="PASS">
          <reporter-output>
          </reporter-output>
        </test-method> <!-- shopping -->
        <test-method is-config="true" signature="tearup()[pri:0, instance:com.mystore.TestScript.TC04_ShopingPageTest@6bbe85a8]" started-at="2024-02-07T23:27:57 IST" name="tearup" finished-at="2024-02-07T23:27:58 IST" duration-ms="595" status="PASS">
          <reporter-output>
          </reporter-output>
        </test-method> <!-- tearup -->
      </class> <!-- com.mystore.TestScript.TC04_ShopingPageTest -->
      <class name="com.mystore.TestScript.TC01_MyAccountPageTest">
        <test-method is-config="true" signature="setup()[pri:0, instance:com.mystore.TestScript.TC01_MyAccountPageTest@53045c6c]" started-at="2024-02-07T23:26:58 IST" name="setup" finished-at="2024-02-07T23:27:02 IST" duration-ms="3812" status="PASS">
          <reporter-output>
          </reporter-output>
        </test-method> <!-- setup -->
        <test-method signature="navigateRegestration()[pri:0, instance:com.mystore.TestScript.TC01_MyAccountPageTest@53045c6c]" started-at="2024-02-07T23:27:02 IST" name="navigateRegestration" finished-at="2024-02-07T23:27:16 IST" duration-ms="13420" status="PASS">
          <reporter-output>
          </reporter-output>
        </test-method> <!-- navigateRegestration -->
        <test-method is-config="true" signature="tearup()[pri:0, instance:com.mystore.TestScript.TC01_MyAccountPageTest@53045c6c]" started-at="2024-02-07T23:27:16 IST" name="tearup" finished-at="2024-02-07T23:27:16 IST" duration-ms="684" status="PASS">
          <reporter-output>
          </reporter-output>
        </test-method> <!-- tearup -->
      </class> <!-- com.mystore.TestScript.TC01_MyAccountPageTest -->
    </test> <!-- Test -->
  </suite> <!-- Suite -->
</testng-results>
